<?xml version="1.0" encoding="UTF-8"?>
<coverage generated="1638963338918" clover="3.2.0">
  <project timestamp="1638963338918" name="All files">
    <metrics statements="34" coveredstatements="21" conditionals="20" coveredconditionals="3" methods="4" coveredmethods="2" elements="58" coveredelements="26" complexity="0" loc="34" ncloc="34" packages="1" files="2" classes="2"/>
    <file name="bmiCalculator.ts" path="/Users/phil/Desktop/Coding/fullstackopen/part9/bmiCalculator.ts">
      <metrics statements="17" coveredstatements="11" conditionals="10" coveredconditionals="1" methods="2" coveredmethods="1"/>
      <line num="7" count="1" type="stmt"/>
      <line num="8" count="0" type="cond" truecount="0" falsecount="2"/>
      <line num="9" count="0" type="cond" truecount="0" falsecount="2"/>
      <line num="11" count="0" type="cond" truecount="0" falsecount="4"/>
      <line num="12" count="0" type="stmt"/>
      <line num="17" count="0" type="stmt"/>
      <line num="21" count="1" type="stmt"/>
      <line num="22" count="1" type="stmt"/>
      <line num="23" count="1" type="stmt"/>
      <line num="26" count="1" type="stmt"/>
      <line num="27" count="1" type="stmt"/>
      <line num="28" count="0" type="stmt"/>
      <line num="30" count="1" type="stmt"/>
      <line num="31" count="1" type="cond" truecount="1" falsecount="1"/>
      <line num="32" count="1" type="stmt"/>
      <line num="34" count="1" type="stmt"/>
      <line num="37" count="1" type="stmt"/>
    </file>
    <file name="multiply.ts" path="/Users/phil/Desktop/Coding/fullstackopen/part9/multiply.ts">
      <metrics statements="17" coveredstatements="10" conditionals="10" coveredconditionals="2" methods="2" coveredmethods="1"/>
      <line num="6" count="1" type="stmt"/>
      <line num="7" count="1" type="cond" truecount="1" falsecount="1"/>
      <line num="8" count="0" type="cond" truecount="0" falsecount="2"/>
      <line num="10" count="0" type="cond" truecount="0" falsecount="4"/>
      <line num="11" count="0" type="stmt"/>
      <line num="16" count="0" type="stmt"/>
      <line num="20" count="1" type="stmt"/>
      <line num="21" count="0" type="stmt"/>
      <line num="22" count="0" type="stmt"/>
      <line num="25" count="1" type="stmt"/>
      <line num="26" count="1" type="stmt"/>
      <line num="27" count="0" type="stmt"/>
      <line num="33" count="1" type="stmt"/>
      <line num="34" count="1" type="cond" truecount="1" falsecount="1"/>
      <line num="35" count="1" type="stmt"/>
      <line num="37" count="1" type="stmt"/>
      <line num="40" count="1" type="stmt"/>
    </file>
  </project>
</coverage>
