{"/Users/phil/Desktop/Coding/fullstackopen/part9/multiply.ts": {"path":"/Users/phil/Desktop/Coding/fullstackopen/part9/multiply.ts","statementMap":{"0":{"start":{"line":6,"column":23},"end":{"line":18,"column":1}},"1":{"start":{"line":7,"column":2},"end":{"line":7,"column":63}},"2":{"start":{"line":7,"column":23},"end":{"line":7,"column":63}},"3":{"start":{"line":8,"column":2},"end":{"line":8,"column":61}},"4":{"start":{"line":8,"column":23},"end":{"line":8,"column":61}},"5":{"start":{"line":10,"column":2},"end":{"line":17,"column":3}},"6":{"start":{"line":11,"column":4},"end":{"line":14,"column":6}},"7":{"start":{"line":16,"column":4},"end":{"line":16,"column":57}},"8":{"start":{"line":20,"column":22},"end":{"line":22,"column":1}},"9":{"start":{"line":21,"column":2},"end":{"line":21,"column":27}},"10":{"start":{"line":24,"column":0},"end":{"line":37,"column":1}},"11":{"start":{"line":25,"column":29},"end":{"line":25,"column":57}},"12":{"start":{"line":26,"column":2},"end":{"line":30,"column":4}},"13":{"start":{"line":32,"column":21},"end":{"line":32,"column":45}},"14":{"start":{"line":33,"column":2},"end":{"line":35,"column":3}},"15":{"start":{"line":34,"column":4},"end":{"line":34,"column":47}},"16":{"start":{"line":36,"column":2},"end":{"line":36,"column":28}},"17":{"start":{"line":39,"column":0},"end":{"line":39,"column":31}}},"fnMap":{"0":{"name":"(anonymous_0)","decl":{"start":{"line":6,"column":23},"end":{"line":6,"column":24}},"loc":{"start":{"line":6,"column":64},"end":{"line":18,"column":1}},"line":6},"1":{"name":"(anonymous_1)","decl":{"start":{"line":20,"column":22},"end":{"line":20,"column":23}},"loc":{"start":{"line":20,"column":67},"end":{"line":22,"column":1}},"line":20}},"branchMap":{"0":{"loc":{"start":{"line":7,"column":2},"end":{"line":7,"column":63}},"type":"if","locations":[{"start":{"line":7,"column":2},"end":{"line":7,"column":63}},{"start":{},"end":{}}],"line":7},"1":{"loc":{"start":{"line":8,"column":2},"end":{"line":8,"column":61}},"type":"if","locations":[{"start":{"line":8,"column":2},"end":{"line":8,"column":61}},{"start":{},"end":{}}],"line":8},"2":{"loc":{"start":{"line":10,"column":2},"end":{"line":17,"column":3}},"type":"if","locations":[{"start":{"line":10,"column":2},"end":{"line":17,"column":3}},{"start":{"line":15,"column":9},"end":{"line":17,"column":3}}],"line":10},"3":{"loc":{"start":{"line":10,"column":6},"end":{"line":10,"column":56}},"type":"binary-expr","locations":[{"start":{"line":10,"column":6},"end":{"line":10,"column":29}},{"start":{"line":10,"column":33},"end":{"line":10,"column":56}}],"line":10},"4":{"loc":{"start":{"line":33,"column":2},"end":{"line":35,"column":3}},"type":"if","locations":[{"start":{"line":33,"column":2},"end":{"line":35,"column":3}},{"start":{},"end":{}}],"line":33}},"s":{"0":1,"1":1,"2":1,"3":0,"4":0,"5":0,"6":0,"7":0,"8":1,"9":1,"10":1,"11":1,"12":0,"13":1,"14":1,"15":1,"16":1,"17":1},"f":{"0":1,"1":1},"b":{"0":[1,0],"1":[0,0],"2":[0,0],"3":[0,0],"4":[1,0]},"_coverageSchema":"1a1c01bbd47fc00a2c39e90264f33305004495a9","hash":"110cc2e932dd5a4cb3756362422bf697981059dc"}
}
