TN:
SF:bmiCalculator.ts
FN:8,(anonymous_0)
FN:23,(anonymous_1)
FNF:2
FNH:1
FNDA:1,(anonymous_0)
FNDA:0,(anonymous_1)
DA:8,1
DA:9,1
DA:10,1
DA:11,0
DA:13,0
DA:14,0
DA:19,0
DA:23,1
DA:24,0
DA:25,0
DA:27,0
DA:29,0
DA:31,0
DA:35,1
DA:36,1
DA:37,0
DA:39,1
DA:40,1
DA:41,1
DA:43,1
DA:46,1
LF:21
LH:11
BRDA:10,0,0,1
BRDA:10,0,1,0
BRDA:11,1,0,0
BRDA:11,1,1,0
BRDA:13,2,0,0
BRDA:13,2,1,0
BRDA:13,3,0,0
BRDA:13,3,1,0
BRDA:25,4,0,0
BRDA:25,4,1,0
BRDA:25,4,2,0
BRDA:28,5,0,0
BRDA:28,5,1,0
BRDA:40,6,0,1
BRDA:40,6,1,0
BRF:15
BRH:2
end_of_record
TN:
SF:calculateExercises.ts
FNF:0
FNH:0
LF:0
LH:0
BRF:0
BRH:0
end_of_record
TN:
SF:multiply.ts
FN:6,(anonymous_0)
FN:20,(anonymous_1)
FNF:2
FNH:1
FNDA:1,(anonymous_0)
FNDA:0,(anonymous_1)
DA:6,1
DA:7,1
DA:8,0
DA:10,0
DA:11,0
DA:16,0
DA:20,1
DA:21,0
DA:22,0
DA:25,1
DA:26,1
DA:27,0
DA:33,1
DA:34,1
DA:35,1
DA:37,1
DA:40,1
LF:17
LH:10
BRDA:7,0,0,1
BRDA:7,0,1,0
BRDA:8,1,0,0
BRDA:8,1,1,0
BRDA:10,2,0,0
BRDA:10,2,1,0
BRDA:10,3,0,0
BRDA:10,3,1,0
BRDA:34,4,0,1
BRDA:34,4,1,0
BRF:10
BRH:2
end_of_record
