TN:
SF:bmiCalculator.ts
FN:7,(anonymous_0)
FN:21,(anonymous_1)
FNF:2
FNH:1
FNDA:0,(anonymous_0)
FNDA:1,(anonymous_1)
DA:7,1
DA:8,0
DA:9,0
DA:11,0
DA:12,0
DA:17,0
DA:21,1
DA:22,1
DA:23,1
DA:26,1
DA:27,1
DA:28,0
DA:30,1
DA:31,1
DA:32,1
DA:34,1
DA:37,1
LF:17
LH:11
BRDA:8,0,0,0
BRDA:8,0,1,0
BRDA:9,1,0,0
BRDA:9,1,1,0
BRDA:11,2,0,0
BRDA:11,2,1,0
BRDA:11,3,0,0
BRDA:11,3,1,0
BRDA:31,4,0,1
BRDA:31,4,1,0
BRF:10
BRH:1
end_of_record
TN:
SF:multiply.ts
FN:6,(anonymous_0)
FN:20,(anonymous_1)
FNF:2
FNH:1
FNDA:1,(anonymous_0)
FNDA:0,(anonymous_1)
DA:6,1
DA:7,1
DA:8,0
DA:10,0
DA:11,0
DA:16,0
DA:20,1
DA:21,0
DA:22,0
DA:25,1
DA:26,1
DA:27,0
DA:33,1
DA:34,1
DA:35,1
DA:37,1
DA:40,1
LF:17
LH:10
BRDA:7,0,0,1
BRDA:7,0,1,0
BRDA:8,1,0,0
BRDA:8,1,1,0
BRDA:10,2,0,0
BRDA:10,2,1,0
BRDA:10,3,0,0
BRDA:10,3,1,0
BRDA:34,4,0,1
BRDA:34,4,1,0
BRF:10
BRH:2
end_of_record
